2024-12-16 14:54:01,494 [INFO] Model moved to device: cpu
2024-12-16 14:54:01,495 [INFO] Loss function and optimizer initialized.
2024-12-16 14:54:01,514 [INFO] Epoch [1/100]
2024-12-16 14:55:27,456 [INFO] Batch [100/240], Loss: 0.5958
2024-12-16 14:56:53,894 [INFO] Batch [200/240], Loss: 0.4026
2024-12-16 14:57:40,447 [INFO] Train Loss: 0.7570, Validation Loss: 0.4232
2024-12-16 14:57:40,670 [INFO] Best model saved to /Users/wuhao/Desktop/mamba_dit/checkpoints/mad_model_epoch_1.pth
2024-12-16 14:57:40,670 [INFO] Epoch [2/100]
2024-12-16 14:59:08,868 [INFO] Batch [100/240], Loss: 0.3557
2024-12-16 15:00:35,774 [INFO] Batch [200/240], Loss: 0.3456
2024-12-16 15:01:22,285 [INFO] Train Loss: 0.3757, Validation Loss: 0.3607
2024-12-16 15:01:22,421 [INFO] Best model saved to /Users/wuhao/Desktop/mamba_dit/checkpoints/mad_model_epoch_2.pth
2024-12-16 15:01:22,421 [INFO] Epoch [3/100]
2024-12-16 15:02:49,698 [INFO] Batch [100/240], Loss: 0.3956
2024-12-16 15:04:17,360 [INFO] Batch [200/240], Loss: 0.2703
2024-12-16 15:05:04,129 [INFO] Train Loss: 0.3040, Validation Loss: 0.2886
2024-12-16 15:05:04,301 [INFO] Best model saved to /Users/wuhao/Desktop/mamba_dit/checkpoints/mad_model_epoch_3.pth
2024-12-16 15:05:04,302 [INFO] Epoch [4/100]
2024-12-16 15:06:32,240 [INFO] Batch [100/240], Loss: 0.2249
2024-12-16 15:07:59,883 [INFO] Batch [200/240], Loss: 0.2455
2024-12-16 15:08:47,842 [INFO] Train Loss: 0.2619, Validation Loss: 0.2664
2024-12-16 15:08:47,983 [INFO] Best model saved to /Users/wuhao/Desktop/mamba_dit/checkpoints/mad_model_epoch_4.pth
2024-12-16 15:08:47,984 [INFO] Epoch [5/100]
2024-12-16 15:10:17,531 [INFO] Batch [100/240], Loss: 0.2859
2024-12-16 15:11:46,106 [INFO] Batch [200/240], Loss: 0.2281
2024-12-16 15:12:31,423 [INFO] Train Loss: 0.2371, Validation Loss: 0.2303
2024-12-16 15:12:31,549 [INFO] Best model saved to /Users/wuhao/Desktop/mamba_dit/checkpoints/mad_model_epoch_5.pth
2024-12-16 15:12:31,549 [INFO] Epoch [6/100]
2024-12-16 15:13:54,477 [INFO] Batch [100/240], Loss: 0.2266
2024-12-16 15:15:15,619 [INFO] Batch [200/240], Loss: 0.1944
2024-12-16 15:15:59,758 [INFO] Train Loss: 0.2142, Validation Loss: 0.2257
2024-12-16 15:15:59,885 [INFO] Best model saved to /Users/wuhao/Desktop/mamba_dit/checkpoints/mad_model_epoch_6.pth
2024-12-16 15:15:59,885 [INFO] Epoch [7/100]
2024-12-16 15:17:22,638 [INFO] Batch [100/240], Loss: 0.1415
2024-12-16 15:18:47,623 [INFO] Batch [200/240], Loss: 0.1974
2024-12-16 15:19:33,878 [INFO] Train Loss: 0.2030, Validation Loss: 0.1988
2024-12-16 15:19:34,003 [INFO] Best model saved to /Users/wuhao/Desktop/mamba_dit/checkpoints/mad_model_epoch_7.pth
2024-12-16 15:19:34,003 [INFO] Epoch [8/100]
2024-12-16 15:20:58,519 [INFO] Batch [100/240], Loss: 0.2232
2024-12-16 15:22:23,172 [INFO] Batch [200/240], Loss: 0.2259
2024-12-16 15:23:08,651 [INFO] Train Loss: 0.1882, Validation Loss: 0.2188
2024-12-16 15:23:08,651 [INFO] Epoch [9/100]
2024-12-16 15:24:33,613 [INFO] Batch [100/240], Loss: 0.1713
2024-12-16 15:25:56,731 [INFO] Batch [200/240], Loss: 0.1394
2024-12-16 15:26:41,762 [INFO] Train Loss: 0.1768, Validation Loss: 0.1847
2024-12-16 15:26:41,891 [INFO] Best model saved to /Users/wuhao/Desktop/mamba_dit/checkpoints/mad_model_epoch_9.pth
2024-12-16 15:26:41,891 [INFO] Epoch [10/100]
2024-12-16 15:28:04,642 [INFO] Batch [100/240], Loss: 0.2368
2024-12-16 15:29:27,089 [INFO] Batch [200/240], Loss: 0.2063
2024-12-16 15:30:11,922 [INFO] Train Loss: 0.1691, Validation Loss: 0.1749
2024-12-16 15:30:12,050 [INFO] Best model saved to /Users/wuhao/Desktop/mamba_dit/checkpoints/mad_model_epoch_10.pth
2024-12-16 15:30:12,182 [INFO] Model checkpoint saved to /Users/wuhao/Desktop/mamba_dit/checkpoints/mad_model_epoch_10.pth
2024-12-16 15:30:12,182 [INFO] Epoch [11/100]
2024-12-16 15:31:36,072 [INFO] Batch [100/240], Loss: 0.1446
2024-12-16 15:33:01,991 [INFO] Batch [200/240], Loss: 0.1455
2024-12-16 15:33:47,750 [INFO] Train Loss: 0.1584, Validation Loss: 0.1658
2024-12-16 15:33:47,877 [INFO] Best model saved to /Users/wuhao/Desktop/mamba_dit/checkpoints/mad_model_epoch_11.pth
2024-12-16 15:33:47,877 [INFO] Epoch [12/100]
2024-12-16 15:35:14,629 [INFO] Batch [100/240], Loss: 0.1555
2024-12-16 15:36:39,811 [INFO] Batch [200/240], Loss: 0.1657
2024-12-16 15:37:26,253 [INFO] Train Loss: 0.1528, Validation Loss: 0.1697
2024-12-16 15:37:26,253 [INFO] Epoch [13/100]
2024-12-16 15:38:50,997 [INFO] Batch [100/240], Loss: 0.1140
2024-12-16 15:40:16,534 [INFO] Batch [200/240], Loss: 0.1893
2024-12-16 15:41:03,469 [INFO] Train Loss: 0.1461, Validation Loss: 0.1669
2024-12-16 15:41:03,469 [INFO] Epoch [14/100]
2024-12-16 15:42:29,904 [INFO] Batch [100/240], Loss: 0.1344
2024-12-16 15:43:56,714 [INFO] Batch [200/240], Loss: 0.1480
2024-12-16 15:44:41,030 [INFO] Train Loss: 0.1429, Validation Loss: 0.1544
2024-12-16 15:44:41,159 [INFO] Best model saved to /Users/wuhao/Desktop/mamba_dit/checkpoints/mad_model_epoch_14.pth
2024-12-16 15:44:41,159 [INFO] Epoch [15/100]
2024-12-16 15:46:04,101 [INFO] Batch [100/240], Loss: 0.1306
2024-12-16 15:47:27,431 [INFO] Batch [200/240], Loss: 0.0921
2024-12-16 15:48:12,248 [INFO] Train Loss: 0.1378, Validation Loss: 0.1552
2024-12-16 15:48:12,248 [INFO] Epoch [16/100]
2024-12-16 15:49:35,904 [INFO] Batch [100/240], Loss: 0.1182
2024-12-16 15:51:00,846 [INFO] Batch [200/240], Loss: 0.1542
2024-12-16 15:51:45,370 [INFO] Train Loss: 0.1304, Validation Loss: 0.1487
2024-12-16 15:51:45,498 [INFO] Best model saved to /Users/wuhao/Desktop/mamba_dit/checkpoints/mad_model_epoch_16.pth
2024-12-16 15:51:45,498 [INFO] Epoch [17/100]
2024-12-16 15:53:08,869 [INFO] Batch [100/240], Loss: 0.1283
2024-12-16 15:54:32,361 [INFO] Batch [200/240], Loss: 0.1298
2024-12-16 15:55:17,107 [INFO] Train Loss: 0.1264, Validation Loss: 0.1445
2024-12-16 15:55:17,235 [INFO] Best model saved to /Users/wuhao/Desktop/mamba_dit/checkpoints/mad_model_epoch_17.pth
2024-12-16 15:55:17,236 [INFO] Epoch [18/100]
2024-12-16 15:56:40,133 [INFO] Batch [100/240], Loss: 0.0917
2024-12-16 15:58:04,883 [INFO] Batch [200/240], Loss: 0.1903
2024-12-16 15:58:51,838 [INFO] Train Loss: 0.1254, Validation Loss: 0.1406
2024-12-16 15:58:51,968 [INFO] Best model saved to /Users/wuhao/Desktop/mamba_dit/checkpoints/mad_model_epoch_18.pth
2024-12-16 15:58:51,969 [INFO] Epoch [19/100]
2024-12-16 16:00:18,280 [INFO] Batch [100/240], Loss: 0.1073
2024-12-16 16:01:44,415 [INFO] Batch [200/240], Loss: 0.1009
2024-12-16 16:02:30,644 [INFO] Train Loss: 0.1203, Validation Loss: 0.1353
2024-12-16 16:02:30,788 [INFO] Best model saved to /Users/wuhao/Desktop/mamba_dit/checkpoints/mad_model_epoch_19.pth
2024-12-16 16:02:30,788 [INFO] Epoch [20/100]
2024-12-16 16:03:57,627 [INFO] Batch [100/240], Loss: 0.0915
2024-12-16 16:05:23,999 [INFO] Batch [200/240], Loss: 0.1245
2024-12-16 16:06:09,087 [INFO] Train Loss: 0.1213, Validation Loss: 0.1332
2024-12-16 16:06:09,216 [INFO] Best model saved to /Users/wuhao/Desktop/mamba_dit/checkpoints/mad_model_epoch_20.pth
2024-12-16 16:06:09,342 [INFO] Model checkpoint saved to /Users/wuhao/Desktop/mamba_dit/checkpoints/mad_model_epoch_20.pth
2024-12-16 16:06:09,342 [INFO] Epoch [21/100]
2024-12-16 16:07:34,069 [INFO] Batch [100/240], Loss: 0.0995
2024-12-16 16:08:58,887 [INFO] Batch [200/240], Loss: 0.1263
2024-12-16 16:09:43,381 [INFO] Train Loss: 0.1153, Validation Loss: 0.1484
2024-12-16 16:09:43,382 [INFO] Epoch [22/100]
2024-12-16 16:11:06,218 [INFO] Batch [100/240], Loss: 0.0841
2024-12-16 16:12:29,799 [INFO] Batch [200/240], Loss: 0.1025
2024-12-16 16:13:15,687 [INFO] Train Loss: 0.1121, Validation Loss: 0.1330
2024-12-16 16:13:15,812 [INFO] Best model saved to /Users/wuhao/Desktop/mamba_dit/checkpoints/mad_model_epoch_22.pth
2024-12-16 16:13:15,813 [INFO] Epoch [23/100]
2024-12-16 16:14:41,288 [INFO] Batch [100/240], Loss: 0.1393
2024-12-16 16:16:05,572 [INFO] Batch [200/240], Loss: 0.0684
2024-12-16 16:16:51,099 [INFO] Train Loss: 0.1074, Validation Loss: 0.1287
2024-12-16 16:16:51,227 [INFO] Best model saved to /Users/wuhao/Desktop/mamba_dit/checkpoints/mad_model_epoch_23.pth
2024-12-16 16:16:51,228 [INFO] Epoch [24/100]
2024-12-16 16:18:15,146 [INFO] Batch [100/240], Loss: 0.0946
2024-12-16 16:19:38,785 [INFO] Batch [200/240], Loss: 0.1093
2024-12-16 16:20:24,126 [INFO] Train Loss: 0.1077, Validation Loss: 0.1347
2024-12-16 16:20:24,126 [INFO] Epoch [25/100]
2024-12-16 16:21:49,462 [INFO] Batch [100/240], Loss: 0.1117
2024-12-16 16:23:14,302 [INFO] Batch [200/240], Loss: 0.1256
2024-12-16 16:24:00,740 [INFO] Train Loss: 0.1052, Validation Loss: 0.1368
2024-12-16 16:24:00,740 [INFO] Epoch [26/100]
2024-12-16 16:25:23,513 [INFO] Batch [100/240], Loss: 0.1309
2024-12-16 16:26:46,013 [INFO] Batch [200/240], Loss: 0.1191
2024-12-16 16:27:30,764 [INFO] Train Loss: 0.1058, Validation Loss: 0.1261
2024-12-16 16:27:30,891 [INFO] Best model saved to /Users/wuhao/Desktop/mamba_dit/checkpoints/mad_model_epoch_26.pth
2024-12-16 16:27:30,891 [INFO] Epoch [27/100]
2024-12-16 16:28:53,593 [INFO] Batch [100/240], Loss: 0.1224
2024-12-16 16:30:16,114 [INFO] Batch [200/240], Loss: 0.1207
2024-12-16 16:31:04,230 [INFO] Train Loss: 0.1050, Validation Loss: 0.1256
2024-12-16 16:31:04,367 [INFO] Best model saved to /Users/wuhao/Desktop/mamba_dit/checkpoints/mad_model_epoch_27.pth
2024-12-16 16:31:04,367 [INFO] Epoch [28/100]
2024-12-16 16:32:27,037 [INFO] Batch [100/240], Loss: 0.0731
2024-12-16 16:33:50,975 [INFO] Batch [200/240], Loss: 0.0738
2024-12-16 16:34:35,706 [INFO] Train Loss: 0.0946, Validation Loss: 0.1196
2024-12-16 16:34:35,832 [INFO] Best model saved to /Users/wuhao/Desktop/mamba_dit/checkpoints/mad_model_epoch_28.pth
2024-12-16 16:34:35,832 [INFO] Epoch [29/100]
2024-12-16 16:35:58,221 [INFO] Batch [100/240], Loss: 0.0956
2024-12-16 16:37:20,178 [INFO] Batch [200/240], Loss: 0.0596
2024-12-16 16:38:04,888 [INFO] Train Loss: 0.0966, Validation Loss: 0.1218
2024-12-16 16:38:04,888 [INFO] Epoch [30/100]
2024-12-16 16:39:27,000 [INFO] Batch [100/240], Loss: 0.1161
2024-12-16 16:40:49,210 [INFO] Batch [200/240], Loss: 0.0725
2024-12-16 16:41:33,466 [INFO] Train Loss: 0.0961, Validation Loss: 0.1219
2024-12-16 16:41:33,596 [INFO] Model checkpoint saved to /Users/wuhao/Desktop/mamba_dit/checkpoints/mad_model_epoch_30.pth
2024-12-16 16:41:33,597 [INFO] Epoch [31/100]
2024-12-16 16:42:55,231 [INFO] Batch [100/240], Loss: 0.0674
2024-12-16 16:44:17,643 [INFO] Batch [200/240], Loss: 0.1219
2024-12-16 16:45:01,901 [INFO] Train Loss: 0.0907, Validation Loss: 0.1275
2024-12-16 16:45:01,901 [INFO] Epoch [32/100]
2024-12-16 16:46:26,514 [INFO] Batch [100/240], Loss: 0.1128
2024-12-16 16:47:51,076 [INFO] Batch [200/240], Loss: 0.0811
2024-12-16 16:48:36,720 [INFO] Train Loss: 0.0919, Validation Loss: 0.1198
2024-12-16 16:48:36,721 [INFO] Epoch [33/100]
2024-12-16 16:50:01,951 [INFO] Batch [100/240], Loss: 0.0941
2024-12-16 16:51:27,588 [INFO] Batch [200/240], Loss: 0.0531
2024-12-16 16:52:13,996 [INFO] Train Loss: 0.0860, Validation Loss: 0.1161
2024-12-16 16:52:14,130 [INFO] Best model saved to /Users/wuhao/Desktop/mamba_dit/checkpoints/mad_model_epoch_33.pth
2024-12-16 16:52:14,130 [INFO] Epoch [34/100]
2024-12-16 16:53:39,367 [INFO] Batch [100/240], Loss: 0.1112
2024-12-16 16:55:04,489 [INFO] Batch [200/240], Loss: 0.1119
2024-12-16 16:55:49,748 [INFO] Train Loss: 0.0854, Validation Loss: 0.1131
2024-12-16 16:55:49,875 [INFO] Best model saved to /Users/wuhao/Desktop/mamba_dit/checkpoints/mad_model_epoch_34.pth
2024-12-16 16:55:49,875 [INFO] Epoch [35/100]
2024-12-16 16:57:13,031 [INFO] Batch [100/240], Loss: 0.0943
2024-12-16 16:58:37,816 [INFO] Batch [200/240], Loss: 0.0586
2024-12-16 16:59:23,586 [INFO] Train Loss: 0.0921, Validation Loss: 0.1148
2024-12-16 16:59:23,587 [INFO] Epoch [36/100]
2024-12-16 17:00:50,254 [INFO] Batch [100/240], Loss: 0.0765
2024-12-16 17:02:15,155 [INFO] Batch [200/240], Loss: 0.0643
2024-12-16 17:03:00,669 [INFO] Train Loss: 0.0857, Validation Loss: 0.1270
2024-12-16 17:03:00,669 [INFO] Epoch [37/100]
2024-12-16 17:04:26,101 [INFO] Batch [100/240], Loss: 0.0989
2024-12-16 17:05:53,404 [INFO] Batch [200/240], Loss: 0.0576
2024-12-16 17:06:39,928 [INFO] Train Loss: 0.0829, Validation Loss: 0.1114
2024-12-16 17:06:40,057 [INFO] Best model saved to /Users/wuhao/Desktop/mamba_dit/checkpoints/mad_model_epoch_37.pth
2024-12-16 17:06:40,057 [INFO] Epoch [38/100]
2024-12-16 17:08:04,713 [INFO] Batch [100/240], Loss: 0.0735
2024-12-16 17:09:30,656 [INFO] Batch [200/240], Loss: 0.1079
2024-12-16 17:10:17,750 [INFO] Train Loss: 0.0843, Validation Loss: 0.1222
2024-12-16 17:10:17,750 [INFO] Epoch [39/100]
2024-12-16 17:11:44,149 [INFO] Batch [100/240], Loss: 0.0807
2024-12-16 17:13:10,522 [INFO] Batch [200/240], Loss: 0.0833
2024-12-16 17:13:56,147 [INFO] Train Loss: 0.0810, Validation Loss: 0.1239
2024-12-16 17:13:56,148 [INFO] Epoch [40/100]
2024-12-16 17:15:23,269 [INFO] Batch [100/240], Loss: 0.1006
2024-12-16 17:16:48,705 [INFO] Batch [200/240], Loss: 0.0993
2024-12-16 17:17:34,273 [INFO] Train Loss: 0.0807, Validation Loss: 0.1070
2024-12-16 17:17:34,417 [INFO] Best model saved to /Users/wuhao/Desktop/mamba_dit/checkpoints/mad_model_epoch_40.pth
2024-12-16 17:17:34,541 [INFO] Model checkpoint saved to /Users/wuhao/Desktop/mamba_dit/checkpoints/mad_model_epoch_40.pth
2024-12-16 17:17:34,541 [INFO] Epoch [41/100]
2024-12-16 17:18:59,261 [INFO] Batch [100/240], Loss: 0.0628
2024-12-16 17:20:22,799 [INFO] Batch [200/240], Loss: 0.0909
2024-12-16 17:21:07,996 [INFO] Train Loss: 0.0789, Validation Loss: 0.1125
2024-12-16 17:21:07,997 [INFO] Epoch [42/100]
2024-12-16 17:22:33,767 [INFO] Batch [100/240], Loss: 0.0818
2024-12-16 17:24:02,459 [INFO] Batch [200/240], Loss: 0.0981
2024-12-16 17:24:48,112 [INFO] Train Loss: 0.0820, Validation Loss: 0.1111
2024-12-16 17:24:48,112 [INFO] Epoch [43/100]
2024-12-16 17:26:14,938 [INFO] Batch [100/240], Loss: 0.0622
2024-12-16 17:27:41,353 [INFO] Batch [200/240], Loss: 0.0666
2024-12-16 17:28:26,306 [INFO] Train Loss: 0.0765, Validation Loss: 0.1078
2024-12-16 17:28:26,306 [INFO] Epoch [44/100]
2024-12-16 17:29:53,266 [INFO] Batch [100/240], Loss: 0.0831
2024-12-16 17:31:20,129 [INFO] Batch [200/240], Loss: 0.0565
2024-12-16 17:32:07,486 [INFO] Train Loss: 0.0759, Validation Loss: 0.1192
2024-12-16 17:32:07,486 [INFO] Epoch [45/100]
2024-12-16 17:33:34,960 [INFO] Batch [100/240], Loss: 0.0766
2024-12-16 17:35:02,928 [INFO] Batch [200/240], Loss: 0.0691
2024-12-16 17:35:49,712 [INFO] Train Loss: 0.0793, Validation Loss: 0.1113
2024-12-16 17:35:49,712 [INFO] Epoch [46/100]
2024-12-16 17:37:17,365 [INFO] Batch [100/240], Loss: 0.0678
2024-12-16 17:38:44,557 [INFO] Batch [200/240], Loss: 0.0807
2024-12-16 17:39:30,700 [INFO] Train Loss: 0.0743, Validation Loss: 0.1073
2024-12-16 17:39:30,700 [INFO] Epoch [47/100]
2024-12-16 17:40:58,922 [INFO] Batch [100/240], Loss: 0.0742
2024-12-16 17:42:26,914 [INFO] Batch [200/240], Loss: 0.0689
2024-12-16 17:43:13,521 [INFO] Train Loss: 0.0728, Validation Loss: 0.1023
2024-12-16 17:43:13,651 [INFO] Best model saved to /Users/wuhao/Desktop/mamba_dit/checkpoints/mad_model_epoch_47.pth
2024-12-16 17:43:13,651 [INFO] Epoch [48/100]
2024-12-16 17:44:40,743 [INFO] Batch [100/240], Loss: 0.0512
2024-12-16 17:46:08,051 [INFO] Batch [200/240], Loss: 0.0839
